Using pre-set license
Built from '2020.3/staging' branch; Version is '2020.3.4f1 (0abb6314276a) revision 703331'; Using compiler version '192528614'; Build Type 'Release'
OS: 'Windows 10 Home; OS build 19042.928; Version 2009; 64bit' Language: 'tr' Physical Memory: 15741 MB
BatchMode: 1, IsHumanControllingUs: 0, StartBugReporterOnCrash: 0, Is64bit: 1, IsPro: 0

 COMMAND LINE ARGUMENTS:
C:\Program Files\Unity\Hub\Editor\2020.3.4f1\Editor\Unity.exe
-adb2
-batchMode
-noUpm
-name
AssetImportWorker0
-projectPath
C:/Users/crazy/Documents/GitHub/CrazyHubs-Project/CrazyHubs-Project
-logFile
Logs/AssetImportWorker0.log
-srvPort
55199
Successfully changed project path to: C:/Users/crazy/Documents/GitHub/CrazyHubs-Project/CrazyHubs-Project
C:/Users/crazy/Documents/GitHub/CrazyHubs-Project/CrazyHubs-Project
Using Asset Import Pipeline V2.
Refreshing native plugins compatible for Editor in 67.25 ms, found 0 plugins.
Preloading 0 native plugins for Editor in 0.00 ms.
Initialize engine version: 2020.3.4f1 (0abb6314276a)
[Subsystems] Discovering subsystems at path C:/Program Files/Unity/Hub/Editor/2020.3.4f1/Editor/Data/Resources/UnitySubsystems
[Subsystems] Discovering subsystems at path C:/Users/crazy/Documents/GitHub/CrazyHubs-Project/CrazyHubs-Project/Assets
GfxDevice: creating device client; threaded=0
Direct3D:
    Version:  Direct3D 11.0 [level 11.1]
    Renderer: AMD Radeon(TM) Graphics (ID=0x1636)
    Vendor:   
    VRAM:     7870 MB
    Driver:   27.20.11028.10001
Initialize mono
Mono path[0] = 'C:/Program Files/Unity/Hub/Editor/2020.3.4f1/Editor/Data/Managed'
Mono path[1] = 'C:/Program Files/Unity/Hub/Editor/2020.3.4f1/Editor/Data/MonoBleedingEdge/lib/mono/unityjit'
Mono config path = 'C:/Program Files/Unity/Hub/Editor/2020.3.4f1/Editor/Data/MonoBleedingEdge/etc'
Using monoOptions --debugger-agent=transport=dt_socket,embedding=1,server=y,suspend=n,address=127.0.0.1:56892
Begin MonoManager ReloadAssembly
Registering precompiled unity dll's ...
Register platform support module: C:/Program Files/Unity/Hub/Editor/2020.3.4f1/Editor/Data/PlaybackEngines/WebGLSupport/UnityEditor.WebGL.Extensions.dll
Register platform support module: C:/Program Files/Unity/Hub/Editor/2020.3.4f1/Editor/Data/PlaybackEngines/WindowsStandaloneSupport/UnityEditor.WindowsStandalone.Extensions.dll
Registered in 0.005271 seconds.
Native extension for WindowsStandalone target not found
Native extension for WebGL target not found
Refreshing native plugins compatible for Editor in 70.61 ms, found 0 plugins.
Preloading 0 native plugins for Editor in 0.00 ms.
Mono: successfully reloaded assembly
- Completed reload, in  4.903 seconds
Platform modules already initialized, skipping
Registering precompiled user dll's ...
Registered in 0.003282 seconds.
Begin MonoManager ReloadAssembly
Symbol file data-00000239047FB7B0 doesn't match image C:\Users\crazy\Documents\GitHub\CrazyHubs-Project\CrazyHubs-Project\Library\ScriptAssemblies\Assembly-CSharp-firstpass.dll
Symbol file LoadedFromMemory is not a mono symbol file
Symbol file data-000002390427B7F0 doesn't match image C:\Users\crazy\Documents\GitHub\CrazyHubs-Project\CrazyHubs-Project\Library\ScriptAssemblies\PathCreatorEditor.dll
Symbol file LoadedFromMemory is not a mono symbol file
Symbol file data-00000239047FB7B0 doesn't match image C:\Users\crazy\Documents\GitHub\CrazyHubs-Project\CrazyHubs-Project\Library\ScriptAssemblies\Unity.VSCode.Editor.dll
Symbol file LoadedFromMemory is not a mono symbol file
Symbol file data-00000239047DE840 doesn't match image C:\Users\crazy\Documents\GitHub\CrazyHubs-Project\CrazyHubs-Project\Library\ScriptAssemblies\Unity.TextMeshPro.Editor.dll
Symbol file LoadedFromMemory is not a mono symbol file
Symbol file data-000002390608C230 doesn't match image C:\Users\crazy\Documents\GitHub\CrazyHubs-Project\CrazyHubs-Project\Library\ScriptAssemblies\Unity.VisualStudio.Editor.dll
Symbol file LoadedFromMemory is not a mono symbol file
Symbol file data-000002390608C230 doesn't match image C:\Users\crazy\Documents\GitHub\CrazyHubs-Project\CrazyHubs-Project\Library\ScriptAssemblies\UnityEngine.TestRunner.dll
Symbol file LoadedFromMemory is not a mono symbol file
Symbol file data-0000023905AC9010 doesn't match image C:\Users\crazy\Documents\GitHub\CrazyHubs-Project\CrazyHubs-Project\Library\ScriptAssemblies\Unity.Timeline.Editor.dll
Symbol file LoadedFromMemory is not a mono symbol file
Symbol file data-0000023906501E20 doesn't match image C:\Users\crazy\Documents\GitHub\CrazyHubs-Project\CrazyHubs-Project\Library\ScriptAssemblies\Unity.Timeline.dll
Symbol file LoadedFromMemory is not a mono symbol file
Symbol file data-0000023905AC9010 doesn't match image C:\Users\crazy\Documents\GitHub\CrazyHubs-Project\CrazyHubs-Project\Library\ScriptAssemblies\Unity.TextMeshPro.dll
Symbol file LoadedFromMemory is not a mono symbol file
Symbol file data-0000023906501E20 doesn't match image C:\Users\crazy\Documents\GitHub\CrazyHubs-Project\CrazyHubs-Project\Library\ScriptAssemblies\Unity.CollabProxy.Editor.dll
Symbol file LoadedFromMemory is not a mono symbol file
Symbol file data-0000023906FB7440 doesn't match image C:\Users\crazy\Documents\GitHub\CrazyHubs-Project\CrazyHubs-Project\Library\ScriptAssemblies\UnityEditor.TestRunner.dll
Symbol file LoadedFromMemory is not a mono symbol file
Symbol file data-0000023906094240 doesn't match image C:\Users\crazy\Documents\GitHub\CrazyHubs-Project\CrazyHubs-Project\Library\ScriptAssemblies\Unity.Rider.Editor.dll
Symbol file LoadedFromMemory is not a mono symbol file
Symbol file data-00000239047FB7B0 doesn't match image C:\Users\crazy\Documents\GitHub\CrazyHubs-Project\CrazyHubs-Project\Library\ScriptAssemblies\PathCreator.dll
Symbol file LoadedFromMemory is not a mono symbol file
Native extension for WindowsStandalone target not found
Native extension for WebGL target not found
Refreshing native plugins compatible for Editor in 0.45 ms, found 0 plugins.
Preloading 0 native plugins for Editor in 0.00 ms.
Mono: successfully reloaded assembly
- Completed reload, in  2.276 seconds
Platform modules already initialized, skipping
========================================================================
Worker process is ready to serve import requests
Launched and connected shader compiler UnityShaderCompiler.exe after 0.14 seconds
Refreshing native plugins compatible for Editor in 0.46 ms, found 0 plugins.
Preloading 0 native plugins for Editor in 0.00 ms.
Unloading 1157 Unused Serialized files (Serialized files now loaded: 0)
System memory in use before: 59.8 MB.
System memory in use after: 59.9 MB.

Unloading 11 unused Assets to reduce memory usage. Loaded Objects now: 1603.
Total: 4.266700 ms (FindLiveObjects: 0.310500 ms CreateObjectMapping: 0.075600 ms MarkObjects: 3.696800 ms  DeleteObjects: 0.180500 ms)

========================================================================
Received Import Request.
  path: Assets/Animation
  artifactKey: Guid(997a6df9a18b1e84c9b112f25e34887f) Importer(815301076,1909f56bfc062723c751e8b465ee728b)
Start importing Assets/Animation using Guid(997a6df9a18b1e84c9b112f25e34887f) Importer(815301076,1909f56bfc062723c751e8b465ee728b)  -> (artifact id: 'a76139efde384985d706cfcfd669454f') in 0.018340 seconds
  Import took 0.022701 seconds .

========================================================================
Received Import Request.
  Time since last request: 25.383712 seconds.
  path: Assets/Materials
  artifactKey: Guid(e26a533ce5e9ace44b815a597156cc3f) Importer(815301076,1909f56bfc062723c751e8b465ee728b)
Start importing Assets/Materials using Guid(e26a533ce5e9ace44b815a597156cc3f) Importer(815301076,1909f56bfc062723c751e8b465ee728b)  -> (artifact id: '7eada5e67002f999a3dae71ae1424333') in 0.021588 seconds
  Import took 0.026742 seconds .

========================================================================
Received Prepare
Refreshing native plugins compatible for Editor in 2.41 ms, found 0 plugins.
Preloading 0 native plugins for Editor in 0.00 ms.
Unloading 4 Unused Serialized files (Serialized files now loaded: 0)
System memory in use before: 36.5 MB.
System memory in use after: 36.7 MB.

Unloading 4 unused Assets to reduce memory usage. Loaded Objects now: 1603.
Total: 3.527500 ms (FindLiveObjects: 0.349100 ms CreateObjectMapping: 0.092200 ms MarkObjects: 3.054800 ms  DeleteObjects: 0.027400 ms)

AssetImportWorkerClient::OnTransportError - code=2 error=End of file
